<?xml version="1.0" encoding="UTF-8"?>
<testng-results ignored="0" total="1" passed="1" failed="0" skipped="0">
  <reporter-output>
  </reporter-output>
  <suite started-at="2024-11-27T15:13:51 IST" name="Suite" finished-at="2024-11-27T15:14:15 IST" duration-ms="24199">
    <groups>
    </groups>
    <test started-at="2024-11-27T15:13:51 IST" name="Test" finished-at="2024-11-27T15:14:15 IST" duration-ms="24199">
      <class name="com_Luma_Test_Cases.TC_01_Luma_Registration">
        <test-method is-config="true" signature="openApplication(java.lang.String,java.lang.String)[pri:0, instance:com_Luma_Test_Cases.TC_01_Luma_Registration@15de0b3c]" started-at="2024-11-27T15:13:52 IST" name="openApplication" finished-at="2024-11-27T15:14:03 IST" duration-ms="11734" status="PASS">
          <params>
            <param index="0">
              <value>
                <![CDATA[chrome]]>
              </value>
            </param>
            <param index="1">
              <value>
                <![CDATA[https://magento.softwaretestingboard.com/customer/account/create/]]>
              </value>
            </param>
          </params>
          <reporter-output>
          </reporter-output>
        </test-method> <!-- openApplication -->
        <test-method signature="LumaRegistration()[pri:0, instance:com_Luma_Test_Cases.TC_01_Luma_Registration@15de0b3c]" started-at="2024-11-27T15:14:03 IST" name="LumaRegistration" finished-at="2024-11-27T15:14:15 IST" duration-ms="11741" status="PASS">
          <reporter-output>
          </reporter-output>
        </test-method> <!-- LumaRegistration -->
      </class> <!-- com_Luma_Test_Cases.TC_01_Luma_Registration -->
    </test> <!-- Test -->
  </suite> <!-- Suite -->
</testng-results>
